<?xml version="1.0" encoding="UTF-8"?>
<testsuite name="register on travel page" tests="1" skipped="0" failures="0" errors="0" timestamp="2021-06-14T22:15:04" hostname="DESKTOP-2D4DTVJ" time="26.15">
  <properties/>
  <testcase name="register on travel page" classname="register on travel page" time="26.15"/>
  <system-out><![CDATA[]]></system-out>
  <system-err><![CDATA[jun 14, 2021 5:15:06 PM org.openqa.selenium.remote.DesiredCapabilities chrome
INFORMACIÓN: Using `new ChromeOptions()` is preferred to `DesiredCapabilities.chrome()`
Starting ChromeDriver 90.0.4430.24 (4c6d850f087da467d926e8eddb76550aed655991-refs/branch-heads/4430@{#429}) on port 33594
Only local connections are allowed.
Please see https://chromedriver.chromium.org/security-considerations for suggestions on keeping ChromeDriver safe.
ChromeDriver was started successfully.
[1623708917.777][WARNING]: This version of ChromeDriver has not been tested with Chrome version 91.
jun 14, 2021 5:15:18 PM org.openqa.selenium.remote.ProtocolHandshake createSession
INFORMACIÓN: Detected dialect: W3C
[Test worker] INFO net.thucydides.core.steps.ConsoleLoggingListener - 
        __    _____ _____ ____ _____   ____   _    ____  ____  _____ ____  
  _     \ \  |_   _| ____/ ___|_   _| |  _ \ / \  / ___|/ ___|| ____|  _ \ 
 (_)_____| |   | | |  _| \___ \ | |   | |_) / _ \ \___ \\___ \|  _| | | | |
  _|_____| |   | | | |___ ___) || |   |  __/ ___ \ ___) |___) | |___| |_| |
 (_)     | |   |_| |_____|____/ |_|   |_| /_/   \_\____/|____/|_____|____/ 
        /_/                                                                

TEST PASSED: register on travel page
----------------------------------------------------------------------------
]]></system-err>
</testsuite>
